[2019-10-17 00:08:08] main.INFO: ROOOOOAR [] []
[2019-10-17 00:08:12] main.INFO: ROOOOOAR [] []
[2019-10-17 00:13:38] main.INFO: ROOOOOAR [] []
[2019-10-17 00:18:19] main.INFO: ROOOOOAR [] []
[2019-10-17 00:21:39] main.DEBUG: The logger just got started [] []
[2019-10-17 00:21:39] main.INFO: ROOOOOAR [] []
[2019-10-17 00:27:11] main.DEBUG: The logger just got started [] []
[2019-10-17 00:29:12] main.DEBUG: The logger just got started [] []
[2019-10-17 00:29:13] main.DEBUG: The logger just got started [] []
[2019-10-17 00:31:55] main.DEBUG: The logger just got started [] []
[2019-10-17 00:35:02] main.DEBUG: The logger just got started [] []
[2019-10-17 00:35:51] main.DEBUG: Logger just got started [] []
[2019-10-17 00:36:10] main.DEBUG: The logger just got started [] []
[2019-10-17 00:36:10] main.INFO: ROOOOOAR [] []
[2019-10-17 00:36:41] main.DEBUG: The logger just got started [] []
[2019-10-17 00:36:41] main.INFO: ROOOOOAR [] []
[2019-10-17 00:36:48] main.DEBUG: The logger just got started [] []
[2019-10-17 00:36:48] main.INFO: ROOOOOAR [] []
[2019-10-17 00:38:01] main.DEBUG: The logger just got started [] []
[2019-10-17 00:38:01] main.INFO: ROOOOOAR [] []
[2019-10-17 00:51:31] main.INFO: ROOOOOAR [] []
[2019-10-17 00:52:16] main.DEBUG: The logger just get started [] []
[2019-10-17 00:52:16] main.INFO: ROOOOOAR [] []
[2019-10-17 00:53:25] main.DEBUG: The logger just get started [] []
[2019-10-17 00:53:25] main.INFO: ROOOOOAR [] []
[2019-10-19 12:47:39] main.DEBUG: The logger just get started [] []
[2019-10-19 12:47:39] main.INFO: ROOOOOAR [] []
[2019-10-19 12:49:37] main.DEBUG: The logger just get started [] []
[2019-10-19 12:49:37] main.INFO: ROOOOOAR [] []
[2019-10-19 12:53:13] main.DEBUG: The logger just get started [] []
[2019-10-19 12:53:13] main.INFO: ROOOOOAR [] []
[2019-10-19 12:54:29] main.DEBUG: The logger just get started [] []
[2019-10-19 12:54:29] main.INFO: ROOOOOAR [] []
[2019-10-20 12:45:57] main.DEBUG: The logger just get started [] []
[2019-10-20 12:45:57] main.INFO: ROOOOOAR [] []
[2019-10-20 12:45:57] main.DEBUG: Elapsed time: 3143129515743ms [] []
[2019-10-20 12:46:19] main.DEBUG: The logger just get started [] []
[2019-10-20 12:46:19] main.INFO: ROOOOOAR [] []
[2019-10-20 12:46:19] main.DEBUG: Elapsed time: 13ms [] []
[2019-10-20 12:46:26] main.DEBUG: The logger just get started [] []
[2019-10-20 12:46:26] main.INFO: ROOOOOAR [] []
[2019-10-20 12:46:26] main.DEBUG: Elapsed time: 17ms [] []
[2019-10-20 12:46:27] main.DEBUG: The logger just get started [] []
[2019-10-20 12:46:27] main.INFO: ROOOOOAR [] []
[2019-10-20 12:46:27] main.DEBUG: Elapsed time: 20ms [] []
[2019-10-20 12:46:27] main.DEBUG: The logger just get started [] []
[2019-10-20 12:46:27] main.INFO: ROOOOOAR [] []
[2019-10-20 12:46:27] main.DEBUG: Elapsed time: 12ms [] []
[2019-10-20 12:46:28] main.DEBUG: The logger just get started [] []
[2019-10-20 12:46:28] main.INFO: ROOOOOAR [] []
[2019-10-20 12:46:28] main.DEBUG: Elapsed time: 16ms [] []
[2019-10-20 12:46:28] main.DEBUG: The logger just get started [] []
[2019-10-20 12:46:28] main.INFO: ROOOOOAR [] []
[2019-10-20 12:46:28] main.DEBUG: Elapsed time: 17ms [] []
[2019-10-20 12:46:29] main.DEBUG: The logger just get started [] []
[2019-10-20 12:46:29] main.INFO: ROOOOOAR [] []
[2019-10-20 12:46:29] main.DEBUG: Elapsed time: 17ms [] []
[2019-10-20 12:46:29] main.DEBUG: The logger just get started [] []
[2019-10-20 12:46:29] main.INFO: ROOOOOAR [] []
[2019-10-20 12:46:29] main.DEBUG: Elapsed time: 14ms [] []
[2019-10-20 12:46:29] main.DEBUG: The logger just get started [] []
[2019-10-20 12:46:29] main.INFO: ROOOOOAR [] []
[2019-10-20 12:46:29] main.DEBUG: Elapsed time: 13ms [] []
[2019-10-20 12:46:30] main.DEBUG: The logger just get started [] []
[2019-10-20 12:46:30] main.INFO: ROOOOOAR [] []
[2019-10-20 12:46:30] main.DEBUG: Elapsed time: 14ms [] []
[2019-10-20 12:46:30] main.DEBUG: The logger just get started [] []
[2019-10-20 12:46:30] main.INFO: ROOOOOAR [] []
[2019-10-20 12:46:30] main.DEBUG: Elapsed time: 16ms [] []
[2019-10-20 12:46:30] main.DEBUG: The logger just get started [] []
[2019-10-20 12:46:30] main.INFO: ROOOOOAR [] []
[2019-10-20 12:46:30] main.DEBUG: Elapsed time: 14ms [] []
[2019-10-20 12:49:23] main.DEBUG: The logger just get started [] []
[2019-10-20 12:49:23] main.INFO: ROOOOOAR [] []
[2019-10-20 12:49:23] main.DEBUG: Elapsed time: 17ms [] []
[2019-10-20 12:57:27] main.DEBUG: The logger just get started [] []
[2019-10-20 12:57:27] main.INFO: ROOOOOAR [] []
[2019-10-20 12:57:27] main.DEBUG: Elapsed time: 5ms [] []
[2019-10-20 12:57:30] main.DEBUG: The logger just get started [] []
[2019-10-20 12:57:30] main.INFO: ROOOOOAR [] []
[2019-10-20 12:57:30] main.DEBUG: Elapsed time: 4ms [] []
